<?xml version="1.0" encoding="UTF-8" ?>
<testsuite errors="1" failures="0" hostname="WINCTRL-6Q8LNN1" name="Testing.Package.GameOfLifeTest" skipped="0" tests="1" time="0.08" timestamp="2016-07-05T11:39:10">
  <properties>
[...]
</properties>
  <testcase classname="Testing.Package.GameOfLifeTest" name="nextGenerationTest" time="0.01">
    <error message="-1" type="java.lang.ArrayIndexOutOfBoundsException">java.lang.ArrayIndexOutOfBoundsException: -1
	at code.retreat.java.GameOfLife.countNeighbours(GameOfLife.java:31)
	at code.retreat.java.GameOfLife.nextGeneration(GameOfLife.java:42)
	at Testing.Package.GameOfLifeTest.nextGenerationTest(GameOfLifeTest.java:22)
</error>
  </testcase>
  <system-out><![CDATA[]]></system-out>
  <system-err><![CDATA[]]></system-err>
</testsuite>
